<?xml version="1.0" encoding="UTF-8"?>
<coverage generated="1591277933548" clover="3.2.0">
  <project timestamp="1591277933548" name="All files">
    <metrics statements="11" coveredstatements="11" conditionals="4" coveredconditionals="4" methods="3" coveredmethods="3" elements="18" coveredelements="18" complexity="0" loc="11" ncloc="11" packages="2" files="2" classes="2"/>
    <package name="@types">
      <metrics statements="3" coveredstatements="3" conditionals="0" coveredconditionals="0" methods="0" coveredmethods="0"/>
      <file name="expenseTypes.ts" path="C:\Users\AndrewFleming\source\repos\expensify-app\src\@types\expenseTypes.ts">
        <metrics statements="3" coveredstatements="3" conditionals="0" coveredconditionals="0" methods="0" coveredmethods="0"/>
        <line num="23" count="1" type="stmt"/>
        <line num="30" count="1" type="stmt"/>
        <line num="37" count="1" type="stmt"/>
      </file>
    </package>
    <package name="actions">
      <metrics statements="8" coveredstatements="8" conditionals="4" coveredconditionals="4" methods="3" coveredmethods="3"/>
      <file name="expenses.ts" path="C:\Users\AndrewFleming\source\repos\expensify-app\src\actions\expenses.ts">
        <metrics statements="8" coveredstatements="8" conditionals="4" coveredconditionals="4" methods="3" coveredmethods="3"/>
        <line num="1" count="1" type="stmt"/>
        <line num="2" count="1" type="stmt"/>
        <line num="8" count="1" type="cond" truecount="4" falsecount="0"/>
        <line num="9" count="2" type="stmt"/>
        <line num="22" count="1" type="stmt"/>
        <line num="23" count="1" type="stmt"/>
        <line num="30" count="1" type="stmt"/>
        <line num="31" count="1" type="stmt"/>
      </file>
    </package>
  </project>
</coverage>
