{"C:\\Users\\AndrewFleming\\source\\repos\\expensify-app\\src\\@types\\expenseTypes.ts": {"path":"C:\\Users\\AndrewFleming\\source\\repos\\expensify-app\\src\\@types\\expenseTypes.ts","statementMap":{"0":{"start":{"line":23,"column":13},"end":{"line":23,"column":41}},"1":{"start":{"line":30,"column":13},"end":{"line":30,"column":47}},"2":{"start":{"line":37,"column":13},"end":{"line":37,"column":43}}},"fnMap":{},"branchMap":{},"s":{"0":1,"1":1,"2":1},"f":{},"b":{}}
,"C:\\Users\\AndrewFleming\\source\\repos\\expensify-app\\src\\actions\\expenses.ts": {"path":"C:\\Users\\AndrewFleming\\source\\repos\\expensify-app\\src\\actions\\expenses.ts","statementMap":{"0":{"start":{"line":1,"column":0},"end":{"line":1,"column":36}},"1":{"start":{"line":2,"column":0},"end":{"line":2,"column":null}},"2":{"start":{"line":8,"column":13},"end":{"line":19,"column":2}},"3":{"start":{"line":9,"column":2},"end":{"line":18,"column":null}},"4":{"start":{"line":22,"column":13},"end":{"line":27,"column":2}},"5":{"start":{"line":23,"column":2},"end":{"line":26,"column":null}},"6":{"start":{"line":30,"column":13},"end":{"line":36,"column":2}},"7":{"start":{"line":31,"column":2},"end":{"line":35,"column":null}}},"fnMap":{"0":{"name":"(anonymous_0)","decl":{"start":{"line":8,"column":26},"end":{"line":8,"column":27}},"loc":{"start":{"line":9,"column":2},"end":{"line":18,"column":null}}},"1":{"name":"(anonymous_1)","decl":{"start":{"line":22,"column":29},"end":{"line":22,"column":30}},"loc":{"start":{"line":23,"column":2},"end":{"line":26,"column":null}}},"2":{"name":"(anonymous_2)","decl":{"start":{"line":30,"column":27},"end":{"line":30,"column":28}},"loc":{"start":{"line":31,"column":2},"end":{"line":35,"column":null}}}},"branchMap":{"0":{"loc":{"start":{"line":8,"column":43},"end":{"line":8,"column":45}},"type":"default-arg","locations":[{"start":{"line":8,"column":43},"end":{"line":8,"column":45}}]},"1":{"loc":{"start":{"line":8,"column":54},"end":{"line":8,"column":56}},"type":"default-arg","locations":[{"start":{"line":8,"column":54},"end":{"line":8,"column":56}}]},"2":{"loc":{"start":{"line":8,"column":67},"end":{"line":8,"column":68}},"type":"default-arg","locations":[{"start":{"line":8,"column":67},"end":{"line":8,"column":68}}]},"3":{"loc":{"start":{"line":8,"column":82},"end":{"line":8,"column":83}},"type":"default-arg","locations":[{"start":{"line":8,"column":82},"end":{"line":8,"column":83}}]}},"s":{"0":1,"1":1,"2":1,"3":2,"4":1,"5":1,"6":1,"7":1},"f":{"0":2,"1":1,"2":1},"b":{"0":[1],"1":[1],"2":[1],"3":[1]}}
}
